# JRE version: OpenJDK Runtime Environment (11.0.12+7) (build 11.0.12+7-b1504.28-7817840)
# Java VM: OpenJDK 64-Bit Server VM (11.0.12+7-b1504.28-7817840, mixed mode, tiered, compressed oops, g1 gc, windows-amd64)
Heap:
 garbage-first heap   total 189440K, used 128955K [0x00000000a0000000, 0x0000000100000000)
  region size 1024K, 30 young (30720K), 2 survivors (2048K)
 Metaspace       used 96193K, capacity 98967K, committed 99148K, reserved 1134592K
  class space    used 12659K, capacity 13665K, committed 13696K, reserved 1048576K
GC Heap History (20 events):
Event: 44.602 GC heap before
{Heap before GC invocations=24 (full 0):
 garbage-first heap   total 129024K, used 107014K [0x00000000a0000000, 0x0000000100000000)
  region size 1024K, 39 young (39936K), 6 survivors (6144K)
 Metaspace       used 80988K, capacity 83194K, committed 83276K, reserved 1122304K
  class space    used 10592K, capacity 11392K, committed 11392K, reserved 1048576K
}
Event: 44.632 GC heap after
{Heap after GC invocations=25 (full 0):
 garbage-first heap   total 129024K, used 78514K [0x00000000a0000000, 0x0000000100000000)
  region size 1024K, 5 young (5120K), 5 survivors (5120K)
 Metaspace       used 80988K, capacity 83194K, committed 83276K, reserved 1122304K
  class space    used 10592K, capacity 11392K, committed 11392K, reserved 1048576K
}
Event: 44.851 GC heap before
{Heap before GC invocations=26 (full 0):
 garbage-first heap   total 129024K, used 84658K [0x00000000a0000000, 0x0000000100000000)
  region size 1024K, 12 young (12288K), 5 survivors (5120K)
 Metaspace       used 81325K, capacity 83661K, committed 83916K, reserved 1122304K
  class space    used 10636K, capacity 11439K, committed 11520K, reserved 1048576K
}
Event: 44.866 GC heap after
{Heap after GC invocations=27 (full 0):
 garbage-first heap   total 129024K, used 79525K [0x00000000a0000000, 0x0000000100000000)
  region size 1024K, 2 young (2048K), 2 survivors (2048K)
 Metaspace       used 81325K, capacity 83661K, committed 83916K, reserved 1122304K
  class space    used 10636K, capacity 11439K, committed 11520K, reserved 1048576K
}
Event: 45.332 GC heap before
{Heap before GC invocations=28 (full 0):
 garbage-first heap   total 129024K, used 82597K [0x00000000a0000000, 0x0000000100000000)
  region size 1024K, 6 young (6144K), 2 survivors (2048K)
 Metaspace       used 81325K, capacity 83661K, committed 83916K, reserved 1122304K
  class space    used 10636K, capacity 11439K, committed 11520K, reserved 1048576K
}
Event: 45.340 GC heap after
{Heap after GC invocations=29 (full 0):
 garbage-first heap   total 155648K, used 82306K [0x00000000a0000000, 0x0000000100000000)
  region size 1024K, 3 young (3072K), 3 survivors (3072K)
 Metaspace       used 81325K, capacity 83661K, committed 83916K, reserved 1122304K
  class space    used 10636K, capacity 11439K, committed 11520K, reserved 1048576K
}
Event: 47.061 GC heap before
{Heap before GC invocations=30 (full 0):
 garbage-first heap   total 155648K, used 116098K [0x00000000a0000000, 0x0000000100000000)
  region size 1024K, 35 young (35840K), 3 survivors (3072K)
 Metaspace       used 83103K, capacity 85503K, committed 85836K, reserved 1124352K
  class space    used 10923K, capacity 11791K, committed 11904K, reserved 1048576K
}
Event: 47.072 GC heap after
{Heap after GC invocations=31 (full 0):
 garbage-first heap   total 155648K, used 85370K [0x00000000a0000000, 0x0000000100000000)
  region size 1024K, 5 young (5120K), 5 survivors (5120K)
 Metaspace       used 83103K, capacity 85503K, committed 85836K, reserved 1124352K
  class space    used 10923K, capacity 11791K, committed 11904K, reserved 1048576K
}
Event: 48.731 GC heap before
{Heap before GC invocations=31 (full 0):
 garbage-first heap   total 155648K, used 118138K [0x00000000a0000000, 0x0000000100000000)
  region size 1024K, 37 young (37888K), 5 survivors (5120K)
 Metaspace       used 86079K, capacity 88448K, committed 88524K, reserved 1126400K
  class space    used 11368K, capacity 12252K, committed 12288K, reserved 1048576K
}
Event: 48.766 GC heap after
{Heap after GC invocations=32 (full 0):
 garbage-first heap   total 155648K, used 87251K [0x00000000a0000000, 0x0000000100000000)
  region size 1024K, 2 young (2048K), 2 survivors (2048K)
 Metaspace       used 86079K, capacity 88448K, committed 88524K, reserved 1126400K
  class space    used 11368K, capacity 12252K, committed 12288K, reserved 1048576K
}
Event: 50.304 GC heap before
{Heap before GC invocations=33 (full 0):
 garbage-first heap   total 155648K, used 120019K [0x00000000a0000000, 0x0000000100000000)
  region size 1024K, 34 young (34816K), 2 survivors (2048K)
 Metaspace       used 89660K, capacity 92174K, committed 92364K, reserved 1128448K
  class space    used 11829K, capacity 12733K, committed 12800K, reserved 1048576K
}
Event: 50.317 GC heap after
{Heap after GC invocations=34 (full 0):
 garbage-first heap   total 155648K, used 89150K [0x00000000a0000000, 0x0000000100000000)
  region size 1024K, 4 young (4096K), 4 survivors (4096K)
 Metaspace       used 89660K, capacity 92174K, committed 92364K, reserved 1128448K
  class space    used 11829K, capacity 12733K, committed 12800K, reserved 1048576K
}
Event: 51.204 GC heap before
{Heap before GC invocations=34 (full 0):
 garbage-first heap   total 155648K, used 121918K [0x00000000a0000000, 0x0000000100000000)
  region size 1024K, 36 young (36864K), 4 survivors (4096K)
 Metaspace       used 91269K, capacity 93764K, committed 93900K, reserved 1130496K
  class space    used 12044K, capacity 12997K, committed 13056K, reserved 1048576K
}
Event: 51.232 GC heap after
{Heap after GC invocations=35 (full 0):
 garbage-first heap   total 155648K, used 92498K [0x00000000a0000000, 0x0000000100000000)
  region size 1024K, 5 young (5120K), 5 survivors (5120K)
 Metaspace       used 91269K, capacity 93764K, committed 93900K, reserved 1130496K
  class space    used 12044K, capacity 12997K, committed 13056K, reserved 1048576K
}
Event: 52.249 GC heap before
{Heap before GC invocations=36 (full 0):
 garbage-first heap   total 155648K, used 124242K [0x00000000a0000000, 0x0000000100000000)
  region size 1024K, 36 young (36864K), 5 survivors (5120K)
 Metaspace       used 92477K, capacity 94977K, committed 95308K, reserved 1132544K
  class space    used 12185K, capacity 13095K, committed 13184K, reserved 1048576K
}
Event: 52.281 GC heap after
{Heap after GC invocations=37 (full 0):
 garbage-first heap   total 155648K, used 96331K [0x00000000a0000000, 0x0000000100000000)
  region size 1024K, 4 young (4096K), 4 survivors (4096K)
 Metaspace       used 92477K, capacity 94977K, committed 95308K, reserved 1132544K
  class space    used 12185K, capacity 13095K, committed 13184K, reserved 1048576K
}
Event: 53.134 GC heap before
{Heap before GC invocations=37 (full 0):
 garbage-first heap   total 155648K, used 126027K [0x00000000a0000000, 0x0000000100000000)
  region size 1024K, 34 young (34816K), 4 survivors (4096K)
 Metaspace       used 95158K, capacity 97887K, committed 97996K, reserved 1134592K
  class space    used 12504K, capacity 13506K, committed 13568K, reserved 1048576K
}
Event: 53.175 GC heap after
{Heap after GC invocations=38 (full 0):
 garbage-first heap   total 155648K, used 100545K [0x00000000a0000000, 0x0000000100000000)
  region size 1024K, 5 young (5120K), 5 survivors (5120K)
 Metaspace       used 95158K, capacity 97887K, committed 97996K, reserved 1134592K
  class space    used 12504K, capacity 13506K, committed 13568K, reserved 1048576K
}
Event: 56.170 GC heap before
{Heap before GC invocations=39 (full 0):
 garbage-first heap   total 155648K, used 126145K [0x00000000a0000000, 0x0000000100000000)
  region size 1024K, 31 young (31744K), 5 survivors (5120K)
 Metaspace       used 95287K, capacity 98057K, committed 98252K, reserved 1134592K
  class space    used 12517K, capacity 13516K, committed 13568K, reserved 1048576K
}
Event: 56.189 GC heap after
{Heap after GC invocations=40 (full 0):
 garbage-first heap   total 189440K, used 102332K [0x00000000a0000000, 0x0000000100000000)
  region size 1024K, 2 young (2048K), 2 survivors (2048K)
 Metaspace       used 95287K, capacity 98057K, committed 98252K, reserved 1134592K
  class space    used 12517K, capacity 13516K, committed 13568K, reserved 1048576K
}

